<?xml version="1.0" encoding="utf-8"?><testsuites name="pytest tests"><testsuite name="pytest" errors="0" failures="0" skipped="0" tests="9" time="2.642" timestamp="2026-06-04T16:18:12.992052+00:00" hostname="agent-env-22e6a771-e3d7-42a7-a854-6900a3c22b11"><testcase classname="backend.tests.test_auth.TestRegister" name="test_register_returns_token_and_trial" time="0.641" /><testcase classname="backend.tests.test_auth.TestRegister" name="test_register_duplicate_returns_409" time="0.363" /><testcase classname="backend.tests.test_auth.TestRegister" name="test_register_validation_short_password" time="0.059" /><testcase classname="backend.tests.test_auth.TestLogin" name="test_login_demo_user_success" time="0.298" /><testcase classname="backend.tests.test_auth.TestLogin" name="test_login_wrong_password_401" time="0.283" /><testcase classname="backend.tests.test_auth.TestLogin" name="test_login_unknown_email_401" time="0.055" /><testcase classname="backend.tests.test_auth.TestMe" name="test_me_without_token_401" time="0.137" /><testcase classname="backend.tests.test_auth.TestMe" name="test_me_invalid_token_401" time="0.145" /><testcase classname="backend.tests.test_auth.TestMe" name="test_me_with_valid_token_returns_user" time="0.434" /></testsuite></testsuites>