<?xml version="1.0" encoding="utf-8"?><testsuites name="pytest tests"><testsuite name="pytest" errors="0" failures="0" skipped="0" tests="11" time="18.660" timestamp="2026-05-27T22:26:24.161754+00:00" hostname="agent-env-6904ef5a-1387-41e3-9389-0dabb3903654"><testcase classname="backend.tests.backend_test.TestHealth" name="test_root" time="0.216" /><testcase classname="backend.tests.backend_test.TestQuoteGenerate" name="test_generate_quote_success" time="17.566" /><testcase classname="backend.tests.backend_test.TestQuoteGenerate" name="test_generate_quote_validation_422[bad_payload0]" time="0.053" /><testcase classname="backend.tests.backend_test.TestQuoteGenerate" name="test_generate_quote_validation_422[bad_payload1]" time="0.056" /><testcase classname="backend.tests.backend_test.TestQuoteGenerate" name="test_generate_quote_validation_422[bad_payload2]" time="0.052" /><testcase classname="backend.tests.backend_test.TestQuoteGenerate" name="test_generate_quote_validation_422[bad_payload3]" time="0.048" /><testcase classname="backend.tests.backend_test.TestQuoteGenerate" name="test_generate_quote_validation_422[bad_payload4]" time="0.055" /><testcase classname="backend.tests.backend_test.TestQuoteGenerate" name="test_generate_quote_validation_422[bad_payload5]" time="0.046" /><testcase classname="backend.tests.backend_test.TestWaitlist" name="test_count_endpoint_numeric" time="0.049" /><testcase classname="backend.tests.backend_test.TestWaitlist" name="test_create_and_duplicate" time="0.271" /><testcase classname="backend.tests.backend_test.TestWaitlist" name="test_create_invalid_email_422" time="0.053" /></testsuite></testsuites>