<?xml version="1.0" encoding="utf-8"?><testsuites name="pytest tests"><testsuite name="pytest" errors="0" failures="0" skipped="0" tests="19" time="5.921" timestamp="2026-06-04T20:20:32.911984+00:00" hostname="agent-env-19cbb45f-b04b-4021-a348-43f111695b99"><testcase classname="backend.tests.test_profile_and_multisave.TestProfileUpdate" name="test_update_business_name_and_abn" time="0.640" /><testcase classname="backend.tests.test_profile_and_multisave.TestProfileUpdate" name="test_update_hourly_rate" time="0.295" /><testcase classname="backend.tests.test_profile_and_multisave.TestProfileUpdate" name="test_partial_update_does_not_clear_other_fields" time="0.267" /><testcase classname="backend.tests.test_profile_and_multisave.TestProfileUpdate" name="test_profile_requires_auth" time="0.143" /><testcase classname="backend.tests.test_profile_and_multisave.TestMultiSave" name="test_two_consecutive_saves_create_distinct_records" time="0.793" /><testcase classname="backend.tests.test_quotes.TestSaveQuote" name="test_unauthenticated_returns_401" time="0.114" /><testcase classname="backend.tests.test_quotes.TestSaveQuote" name="test_save_quote_returns_saved_doc" time="0.478" /><testcase classname="backend.tests.test_quotes.TestSaveQuote" name="test_list_returns_user_scoped_most_recent_first" time="0.336" /><testcase classname="backend.tests.test_quotes.TestSaveQuote" name="test_list_unauthenticated_returns_401" time="0.100" /><testcase classname="backend.tests.test_quotes.TestSaveQuote" name="test_list_is_user_scoped" time="0.668" /><testcase classname="backend.tests.test_auth.TestRegister" name="test_register_returns_token_and_trial" time="0.330" /><testcase classname="backend.tests.test_auth.TestRegister" name="test_register_duplicate_returns_409" time="0.331" /><testcase classname="backend.tests.test_auth.TestRegister" name="test_register_validation_short_password" time="0.057" /><testcase classname="backend.tests.test_auth.TestLogin" name="test_login_demo_user_success" time="0.272" /><testcase classname="backend.tests.test_auth.TestLogin" name="test_login_wrong_password_401" time="0.277" /><testcase classname="backend.tests.test_auth.TestLogin" name="test_login_unknown_email_401" time="0.078" /><testcase classname="backend.tests.test_auth.TestMe" name="test_me_without_token_401" time="0.150" /><testcase classname="backend.tests.test_auth.TestMe" name="test_me_invalid_token_401" time="0.105" /><testcase classname="backend.tests.test_auth.TestMe" name="test_me_with_valid_token_returns_user" time="0.417" /></testsuite></testsuites>