<?xml version="1.0" encoding="utf-8"?><testsuites name="pytest tests"><testsuite name="pytest" errors="0" failures="0" skipped="0" tests="5" time="3.868" timestamp="2026-06-04T18:11:12.319744+00:00" hostname="agent-env-22e6a771-e3d7-42a7-a854-6900a3c22b11"><testcase classname="backend.tests.test_quotes.TestSaveQuote" name="test_unauthenticated_returns_401" time="1.743" /><testcase classname="backend.tests.test_quotes.TestSaveQuote" name="test_save_quote_returns_saved_doc" time="0.601" /><testcase classname="backend.tests.test_quotes.TestSaveQuote" name="test_list_returns_user_scoped_most_recent_first" time="0.354" /><testcase classname="backend.tests.test_quotes.TestSaveQuote" name="test_list_unauthenticated_returns_401" time="0.104" /><testcase classname="backend.tests.test_quotes.TestSaveQuote" name="test_list_is_user_scoped" time="0.790" /></testsuite></testsuites>